Arguments: 
  /home/higorantonio/.asdf/installs/nodejs/16.15.0/bin/node /home/higorantonio/.asdf/installs/yarn/1.22.10/bin/yarn.js init

PATH: 
  /home/higorantonio/.asdf/plugins/nodejs/shims:/home/higorantonio/.asdf/installs/nodejs/16.15.0/.npm/bin:/home/higorantonio/.asdf/installs/nodejs/16.15.0/bin:/home/higorantonio/.asdf/installs/yarn/1.22.10/bin:/home/higorantonio/.asdf/shims:/opt/asdf-vm/bin:/home/higorantonio/.local/bin:/usr/local/bin:/usr/bin:/var/lib/snapd/snap/bin:/usr/local/sbin:/var/lib/flatpak/exports/bin:/usr/bin/site_perl:/usr/bin/vendor_perl:/usr/bin/core_perl

Yarn version: 
  1.22.10

Node version: 
  16.15.0

Platform: 
  linux x64

Trace: 
  Error: canceled
      at Interface.<anonymous> (/home/higorantonio/.asdf/installs/yarn/1.22.10/lib/cli.js:137009:13)
      at Interface.emit (node:events:527:28)
      at Interface._ttyWrite (node:readline:1081:16)
      at ReadStream.onkeypress (node:readline:288:10)
      at ReadStream.emit (node:events:527:28)
      at emitKeys (node:internal/readline/utils:358:14)
      at emitKeys.next (<anonymous>)
      at ReadStream.onData (node:internal/readline/emitKeypressEvents:61:36)
      at ReadStream.emit (node:events:527:28)
      at addChunk (node:internal/streams/readable:315:12)

npm manifest: 
  No manifest

yarn manifest: 
  No manifest

Lockfile: 
  No lockfile
